<?xml version="1.0" encoding="UTF-8"?>
<testsuite xmlns:xsi="http://www.w3.org/2001/XMLSchema-instance" xsi:noNamespaceSchemaLocation="https://maven.apache.org/surefire/maven-surefire-plugin/xsd/surefire-test-report-3.0.xsd" version="3.0" name="org.scivault.qf.QfWriterTest" time="0.065" tests="4" errors="0" skipped="0" failures="0">
  <properties>
[...]
</properties>
  <testcase name="preservesUnknownPropertiesThroughRoundTrip" classname="org.scivault.qf.QfWriterTest" time="0.025">
    <system-out><![CDATA[
=== QfWriter: unknown property round trip ===
Temporary file: /tmp/scivault-qf-writer-output-3940802540602857893.json

{
  "format" : "SciVault-QF",
  "metadata" : {
    "id" : "org.scivault.test.writer-unknown-properties",
    "title" : "Writer Unknown Property Test",
    "author" : null,
    "license" : null,
    "version" : null,
    "language" : null,
    "description" : null,
    "created" : null,
    "tags" : [ ],
    "future_metadata_field" : "preserve me"
  },
  "questions" : [ {
    "id" : "q001",
    "question" : "Test question",
    "explanation" : null,
    "difficulty" : null,
    "tags" : [ ],
    "objectives" : [ ],
    "media" : [ ],
    "variables" : { },
    "settings" : {
      "shuffle_choices" : true,
      "future_setting" : "setting data"
    },
    "extensions" : null,
    "choices" : [ {
      "id" : "A",
      "text" : "Answer A",
      "future_choice_field" : "choice data"
    }, {
      "id" : "B",
      "text" : "Answer B"
    } ],
    "answer" : "A",
    "type" : "multiple_choice",
    "future_question_field" : 42
  } ],
  "extensions" : null,
  "format_version" : "0.1"
}
]]></system-out>
  </testcase>
  <testcase name="writesAndReadsMixedQuestionTypesFixture" classname="org.scivault.qf.QfWriterTest" time="0.023">
    <system-out><![CDATA[
=== QfWriter: mixed-question-types.json ===
Temporary file: /tmp/scivault-qf-writer-mixed-13140162645025575885.json

{
  "format" : "SciVault-QF",
  "metadata" : {
    "id" : "org.scivault.conformance.mixed-question-types",
    "title" : "Mixed Question Types Conformance Test",
    "author" : "SciVault",
    "license" : "CC0-1.0",
    "version" : "1.0",
    "language" : "en-US",
    "description" : "Valid SciVault-QF 0.1 question set containing several supported question types.",
    "created" : "2026-08-19T12:29:00-06:00",
    "tags" : [ "conformance", "mixed-types" ]
  },
  "questions" : [ {
    "id" : "q001",
    "question" : "Which of the following are vector quantities?",
    "explanation" : "Velocity and acceleration have both magnitude and direction.",
    "difficulty" : 2,
    "tags" : [ "physics", "vectors" ],
    "objectives" : [ "CONFORMANCE.MULTIPLE_SELECT" ],
    "media" : [ ],
    "variables" : { },
    "settings" : null,
    "extensions" : null,
    "choices" : [ {
      "id" : "A",
      "text" : "Velocity"
    }, {
      "id" : "B",
      "text" : "Mass"
    }, {
      "id" : "C",
      "text" : "Acceleration"
    }, {
      "id" : "D",
      "text" : "Temperature"
    } ],
    "answer" : [ "A", "C" ],
    "type" : "multiple_select"
  }, {
    "id" : "q002",
    "question" : "An object moving at constant velocity has zero acceleration.",
    "explanation" : "Constant velocity means the velocity is not changing, so the acceleration is zero.",
    "difficulty" : 1,
    "tags" : [ "physics", "kinematics" ],
    "objectives" : [ "CONFORMANCE.TRUE_FALSE" ],
    "media" : [ ],
    "variables" : { },
    "settings" : null,
    "extensions" : null,
    "choices" : [ {
      "id" : "true",
      "text" : "True"
    }, {
      "id" : "false",
      "text" : "False"
    } ],
    "answer" : "true",
    "type" : "true_false"
  }, {
    "id" : "q003",
    "question" : "Name the SI unit of force.",
    "explanation" : "The SI unit of force is the newton, symbol N.",
    "difficulty" : 1,
    "tags" : [ "physics", "units" ],
    "objectives" : [ "CONFORMANCE.SHORT_ANSWER" ],
    "media" : [ ],
    "variables" : { },
    "settings" : null,
    "extensions" : null,
    "answer" : [ "newton", "Newton", "N" ],
    "type" : "short_answer"
  }, {
    "id" : "q004",
    "question" : "The SI unit of electric current is the {{blank}}.",
    "explanation" : "The SI base unit of electric current is the ampere, symbol A.",
    "difficulty" : 1,
    "tags" : [ "physics", "units" ],
    "objectives" : [ "CONFORMANCE.FILL_BLANK" ],
    "media" : [ ],
    "variables" : { },
    "settings" : null,
    "extensions" : null,
    "answer" : [ "ampere", "Ampere", "amp", "A" ],
    "type" : "fill_in_the_blank"
  }, {
    "id" : "q005",
    "question" : "A car travels $100\\,\\mathrm{m}$ in $5\\,\\mathrm{s}$. What is its average speed in $\\mathrm{m/s}$?",
    "explanation" : "Average speed is distance divided by elapsed time: $100/5=20\\,\\mathrm{m/s}$.",
    "difficulty" : 1,
    "tags" : [ "physics", "kinematics" ],
    "objectives" : [ "CONFORMANCE.NUMERICAL" ],
    "media" : [ ],
    "variables" : { },
    "settings" : null,
    "extensions" : null,
    "answer" : {
      "value" : 20,
      "expression" : null,
      "tolerance" : 0.1,
      "unit" : "m/s"
    },
    "type" : "numerical"
  } ],
  "extensions" : null,
  "format_version" : "0.1"
}
]]></system-out>
  </testcase>
  <testcase name="writesAndReadsDynamicAndMediaFixture" classname="org.scivault.qf.QfWriterTest" time="0.008">
    <system-out><![CDATA[
=== QfWriter: dynamic-and-media.json ===
Temporary file: /tmp/scivault-qf-writer-dynamic-5258563947203447968.json

{
  "format" : "SciVault-QF",
  "metadata" : {
    "id" : "org.scivault.conformance.dynamic-and-media",
    "title" : "Dynamic and Media Conformance Test",
    "author" : "SciVault",
    "license" : "CC0-1.0",
    "version" : "1.0",
    "language" : "en-US",
    "description" : "Valid SciVault-QF 0.1 question set exercising dynamic variables, calculated answers, media references, and extensions.",
    "created" : "2026-08-19T12:30:00-06:00",
    "tags" : [ "conformance", "dynamic", "media" ]
  },
  "questions" : [ {
    "id" : "q001",
    "question" : "An object starts from rest and accelerates at {{a}} m/s^2 for {{t}} s. What is its final speed?",
    "explanation" : "For an object starting from rest, $v=at$. Substitute the generated values of $a$ and $t$.",
    "difficulty" : 3,
    "tags" : [ "physics", "kinematics", "dynamic" ],
    "objectives" : [ "CONFORMANCE.DYNAMIC_NUMERICAL" ],
    "media" : [ ],
    "variables" : {
      "a" : {
        "min" : 1,
        "max" : 5,
        "step" : 1,
        "type" : "integer"
      },
      "t" : {
        "min" : 2,
        "max" : 10,
        "step" : 1,
        "type" : "integer"
      }
    },
    "settings" : null,
    "extensions" : null,
    "answer" : {
      "value" : null,
      "expression" : "a * t",
      "tolerance" : 0.01,
      "unit" : "m/s"
    },
    "type" : "numerical"
  }, {
    "id" : "q002",
    "question" : "Which diagram represents the situation described?",
    "explanation" : "Diagram B is designated as the correct answer for this conformance fixture.",
    "difficulty" : 2,
    "tags" : [ "conformance", "media" ],
    "objectives" : [ "CONFORMANCE.MEDIA" ],
    "media" : [ {
      "id" : "prompt-diagram",
      "src" : "media/reference-diagram.svg",
      "type" : "image",
      "alt" : "Reference diagram used by the SciVault-QF conformance test.",
      "caption" : "Conformance-test reference diagram",
      "license" : "CC0-1.0"
    } ],
    "variables" : { },
    "settings" : null,
    "extensions" : {
      "empty" : false,
      "org.scivault.peer_instruction" : {
        "recommended_discussion_time" : 120
      }
    },
    "choices" : [ {
      "id" : "A",
      "text" : "Diagram A"
    }, {
      "id" : "B",
      "text" : "Diagram B"
    }, {
      "id" : "C",
      "text" : "Diagram C"
    } ],
    "answer" : "B",
    "type" : "multiple_choice"
  } ],
  "extensions" : null,
  "format_version" : "0.1"
}
]]></system-out>
  </testcase>
  <testcase name="writesAndReadsBasicMultipleChoiceFixture" classname="org.scivault.qf.QfWriterTest" time="0.005">
    <system-out><![CDATA[
=== QfWriter: basic-multiple-choice.json ===
Temporary file: /tmp/scivault-qf-writer-18100708656232024714.json

{
  "format" : "SciVault-QF",
  "metadata" : {
    "id" : "org.scivault.conformance.basic-multiple-choice",
    "title" : "Basic Multiple-Choice Conformance Test",
    "author" : "SciVault",
    "license" : "CC0-1.0",
    "version" : "1.0",
    "language" : "en-US",
    "description" : "Minimal valid SciVault-QF 0.1 question set containing one multiple-choice question.",
    "created" : "2026-08-19T12:28:00-06:00",
    "tags" : [ "conformance", "multiple-choice" ]
  },
  "questions" : [ {
    "id" : "q001",
    "question" : "What is $2+2$?",
    "explanation" : "$2+2=4$.",
    "difficulty" : 0,
    "tags" : [ "math", "arithmetic" ],
    "objectives" : [ "CONFORMANCE.BASIC.MC" ],
    "media" : [ ],
    "variables" : { },
    "settings" : {
      "shuffle_choices" : true
    },
    "extensions" : null,
    "choices" : [ {
      "id" : "A",
      "text" : "3"
    }, {
      "id" : "B",
      "text" : "4"
    }, {
      "id" : "C",
      "text" : "5"
    } ],
    "answer" : "B",
    "type" : "multiple_choice"
  } ],
  "extensions" : null,
  "format_version" : "0.1"
}
]]></system-out>
  </testcase>
</testsuite>